{"C:\\Users\\killerwpor\\Desktop\\Pruebas programación\\codebreaker\\app.js": {"path":"C:\\Users\\killerwpor\\Desktop\\Pruebas programación\\codebreaker\\app.js","statementMap":{"0":{"start":{"line":1,"column":18},"end":{"line":1,"column":42}},"1":{"start":{"line":2,"column":14},"end":{"line":2,"column":39}},"2":{"start":{"line":3,"column":15},"end":{"line":3,"column":33}},"3":{"start":{"line":4,"column":10},"end":{"line":4,"column":19}},"4":{"start":{"line":10,"column":0},"end":{"line":13,"column":2}},"5":{"start":{"line":11,"column":1},"end":{"line":11,"column":60}},"6":{"start":{"line":12,"column":0},"end":{"line":12,"column":52}},"7":{"start":{"line":15,"column":0},"end":{"line":17,"column":2}},"8":{"start":{"line":16,"column":3},"end":{"line":16,"column":60}},"9":{"start":{"line":21,"column":0},"end":{"line":21,"column":19}}},"fnMap":{"0":{"name":"(anonymous_0)","decl":{"start":{"line":10,"column":19},"end":{"line":10,"column":20}},"loc":{"start":{"line":10,"column":30},"end":{"line":13,"column":1}},"line":10},"1":{"name":"(anonymous_1)","decl":{"start":{"line":15,"column":23},"end":{"line":15,"column":24}},"loc":{"start":{"line":15,"column":34},"end":{"line":17,"column":1}},"line":15}},"branchMap":{},"s":{"0":1,"1":1,"2":1,"3":1,"4":1,"5":1,"6":1,"7":1,"8":1,"9":1},"f":{"0":1,"1":1},"b":{},"_coverageSchema":"1a1c01bbd47fc00a2c39e90264f33305004495a9","hash":"f30f2147c159323621175df355ece4a8d59b292b"}
,"C:\\Users\\killerwpor\\Desktop\\Pruebas programación\\codebreaker\\codeBreaker.js": {"path":"C:\\Users\\killerwpor\\Desktop\\Pruebas programación\\codebreaker\\codeBreaker.js","statementMap":{"0":{"start":{"line":1,"column":0},"end":{"line":44,"column":1}},"1":{"start":{"line":3,"column":10},"end":{"line":3,"column":12}},"2":{"start":{"line":4,"column":15},"end":{"line":4,"column":17}},"3":{"start":{"line":7,"column":0},"end":{"line":19,"column":3}},"4":{"start":{"line":8,"column":4},"end":{"line":10,"column":5}},"5":{"start":{"line":8,"column":14},"end":{"line":8,"column":15}},"6":{"start":{"line":9,"column":6},"end":{"line":9,"column":56}},"7":{"start":{"line":11,"column":4},"end":{"line":11,"column":33}},"8":{"start":{"line":14,"column":4},"end":{"line":14,"column":67}},"9":{"start":{"line":15,"column":4},"end":{"line":15,"column":67}},"10":{"start":{"line":16,"column":4},"end":{"line":16,"column":67}},"11":{"start":{"line":17,"column":4},"end":{"line":17,"column":67}},"12":{"start":{"line":18,"column":4},"end":{"line":18,"column":30}},"13":{"start":{"line":26,"column":14},"end":{"line":26,"column":16}},"14":{"start":{"line":27,"column":2},"end":{"line":29,"column":3}},"15":{"start":{"line":27,"column":12},"end":{"line":27,"column":13}},"16":{"start":{"line":28,"column":4},"end":{"line":28,"column":42}},"17":{"start":{"line":30,"column":18},"end":{"line":30,"column":20}},"18":{"start":{"line":31,"column":4},"end":{"line":39,"column":5}},"19":{"start":{"line":31,"column":14},"end":{"line":31,"column":15}},"20":{"start":{"line":33,"column":6},"end":{"line":38,"column":7}},"21":{"start":{"line":34,"column":8},"end":{"line":34,"column":24}},"22":{"start":{"line":36,"column":11},"end":{"line":38,"column":7}},"23":{"start":{"line":37,"column":8},"end":{"line":37,"column":24}},"24":{"start":{"line":40,"column":4},"end":{"line":40,"column":32}},"25":{"start":{"line":41,"column":4},"end":{"line":41,"column":29}}},"fnMap":{"0":{"name":"(anonymous_0)","decl":{"start":{"line":6,"column":2},"end":{"line":6,"column":3}},"loc":{"start":{"line":6,"column":33},"end":{"line":20,"column":1}},"line":6},"1":{"name":"(anonymous_1)","decl":{"start":{"line":25,"column":1},"end":{"line":25,"column":2}},"loc":{"start":{"line":25,"column":15},"end":{"line":42,"column":3}},"line":25}},"branchMap":{"0":{"loc":{"start":{"line":7,"column":0},"end":{"line":19,"column":3}},"type":"if","locations":[{"start":{"line":7,"column":0},"end":{"line":19,"column":3}},{"start":{"line":7,"column":0},"end":{"line":19,"column":3}}],"line":7},"1":{"loc":{"start":{"line":33,"column":6},"end":{"line":38,"column":7}},"type":"if","locations":[{"start":{"line":33,"column":6},"end":{"line":38,"column":7}},{"start":{"line":33,"column":6},"end":{"line":38,"column":7}}],"line":33},"2":{"loc":{"start":{"line":36,"column":11},"end":{"line":38,"column":7}},"type":"if","locations":[{"start":{"line":36,"column":11},"end":{"line":38,"column":7}},{"start":{"line":36,"column":11},"end":{"line":38,"column":7}}],"line":36},"3":{"loc":{"start":{"line":36,"column":14},"end":{"line":36,"column":134}},"type":"binary-expr","locations":[{"start":{"line":36,"column":14},"end":{"line":36,"column":41}},{"start":{"line":36,"column":45},"end":{"line":36,"column":72}},{"start":{"line":36,"column":76},"end":{"line":36,"column":103}},{"start":{"line":36,"column":107},"end":{"line":36,"column":134}}],"line":36}},"s":{"0":2,"1":3,"2":3,"3":3,"4":1,"5":1,"6":4,"7":1,"8":2,"9":2,"10":2,"11":2,"12":2,"13":8,"14":8,"15":8,"16":32,"17":8,"18":8,"19":8,"20":32,"21":4,"22":28,"23":8,"24":8,"25":8},"f":{"0":3,"1":8},"b":{"0":[1,2],"1":[4,28],"2":[8,20],"3":[28,27,25,25]},"_coverageSchema":"1a1c01bbd47fc00a2c39e90264f33305004495a9","hash":"e2ce8af78cdb732651438ceb71d8196c4d214b24"}
}
