TN:
SF:app.js
FN:10,(anonymous_0)
FN:15,(anonymous_1)
FNF:2
FNH:2
FNDA:1,(anonymous_0)
FNDA:1,(anonymous_1)
DA:1,1
DA:2,1
DA:3,1
DA:4,1
DA:10,1
DA:11,1
DA:12,1
DA:15,1
DA:16,1
DA:21,1
LF:10
LH:10
BRF:0
BRH:0
end_of_record
TN:
SF:codeBreaker.js
FN:6,(anonymous_0)
FN:25,(anonymous_1)
FNF:2
FNH:2
FNDA:3,(anonymous_0)
FNDA:8,(anonymous_1)
DA:1,2
DA:3,3
DA:4,3
DA:7,3
DA:8,1
DA:9,4
DA:11,1
DA:14,2
DA:15,2
DA:16,2
DA:17,2
DA:18,2
DA:26,8
DA:27,8
DA:28,32
DA:30,8
DA:31,8
DA:33,32
DA:34,4
DA:36,28
DA:37,8
DA:40,8
DA:41,8
LF:23
LH:23
BRDA:7,0,0,1
BRDA:7,0,1,2
BRDA:33,1,0,4
BRDA:33,1,1,28
BRDA:36,2,0,8
BRDA:36,2,1,20
BRDA:36,3,0,28
BRDA:36,3,1,27
BRDA:36,3,2,25
BRDA:36,3,3,25
BRF:10
BRH:10
end_of_record
